#
# There is insufficient memory for the Java Runtime Environment to continue.
# Native memory allocation (malloc) failed to allocate 371216 bytes for Chunk::new
# Possible reasons:
#   The system is out of physical RAM or swap space
#   In 32 bit mode, the process size limit was hit
# Possible solutions:
#   Reduce memory load on the system
#   Increase physical memory or swap space
#   Check if swap backing store is full
#   Use 64 bit Java on a 64 bit OS
#   Decrease Java heap size (-Xmx/-Xms)
#   Decrease number of Java threads
#   Decrease Java thread stack sizes (-Xss)
#   Set larger code cache with -XX:ReservedCodeCacheSize=
# This output file may be truncated or incomplete.
#
#  Out of Memory Error (allocation.cpp:388), pid=64312, tid=62720
#
# JRE version: Java(TM) SE Runtime Environment (8.0_05-b13) (build 1.8.0_05-b13)
# Java VM: Java HotSpot(TM) 64-Bit Server VM (25.5-b02 mixed mode windows-amd64 compressed oops)
# Failed to write core dump. Minidumps are not enabled by default on client versions of Windows
#

---------------  T H R E A D  ---------------

Current thread (0x000000001526f000):  JavaThread "C2 CompilerThread0" daemon [_thread_in_native, id=62720, stack(0x00000000167d0000,0x00000000168d0000)]

Stack: [0x00000000167d0000,0x00000000168d0000]
Native frames: (J=compiled Java code, j=interpreted, Vv=VM code, C=native code)
V  [jvm.dll+0x308dea]
V  [jvm.dll+0x25def1]
V  [jvm.dll+0x25eb0f]
V  [jvm.dll+0x2564e5]
V  [jvm.dll+0xbcfc5]
V  [jvm.dll+0xbd45c]
V  [jvm.dll+0x468bac]
V  [jvm.dll+0x436550]
V  [jvm.dll+0x44111e]
V  [jvm.dll+0x4436a9]
V  [jvm.dll+0x427532]
V  [jvm.dll+0x96702]
V  [jvm.dll+0x96ef3]
V  [jvm.dll+0x2232c4]
V  [jvm.dll+0x27baca]
C  [msvcr100.dll+0x21d9f]
C  [msvcr100.dll+0x21e3b]
C  [KERNEL32.DLL+0x12d92]
C  [ntdll.dll+0x9f64]


Current CompileTask:
C2:   3971 3116       4       java.util.ComparableTimSort::mergeHi (729 bytes)


---------------  P R O C E S S  ---------------

Java Threads: ( => current thread )
  0x00000000152cd000 JavaThread "Service Thread" daemon [_thread_blocked, id=63616, stack(0x0000000016ed0000,0x0000000016fd0000)]
  0x0000000015275800 JavaThread "C1 CompilerThread2" daemon [_thread_blocked, id=61528, stack(0x00000000169d0000,0x0000000016ad0000)]
  0x0000000015272800 JavaThread "C2 CompilerThread1" daemon [_thread_in_native, id=63708, stack(0x00000000168d0000,0x00000000169d0000)]
=>0x000000001526f000 JavaThread "C2 CompilerThread0" daemon [_thread_in_native, id=62720, stack(0x00000000167d0000,0x00000000168d0000)]
  0x000000001526e000 JavaThread "Attach Listener" daemon [_thread_blocked, id=63096, stack(0x00000000166d0000,0x00000000167d0000)]
  0x000000001526c000 JavaThread "Signal Dispatcher" daemon [_thread_blocked, id=59188, stack(0x00000000165d0000,0x00000000166d0000)]
  0x0000000002b97800 JavaThread "Finalizer" daemon [_thread_blocked, id=62260, stack(0x00000000164d0000,0x00000000165d0000)]
  0x0000000015237800 JavaThread "Reference Handler" daemon [_thread_blocked, id=64100, stack(0x00000000163d0000,0x00000000164d0000)]
  0x0000000002aa3800 JavaThread "main" [_thread_in_Java, id=63704, stack(0x0000000002900000,0x0000000002a00000)]

Other Threads:
  0x0000000015235800 VMThread [stack: 0x00000000162d0000,0x00000000163d0000] [id=64048]
  0x0000000016afa000 WatcherThread [stack: 0x0000000016fd0000,0x00000000170d0000] [id=63796]

VM state:not at safepoint (normal execution)

VM Mutex/Monitor currently owned by a thread: None

Heap:
 PSYoungGen      total 73728K, used 71711K [0x00000000eab00000, 0x00000000f1680000, 0x0000000100000000)
  eden space 58368K, 100% used [0x00000000eab00000,0x00000000ee400000,0x00000000ee400000)
  from space 15360K, 86% used [0x00000000ee400000,0x00000000ef107fc0,0x00000000ef300000)
  to   space 16896K, 0% used [0x00000000f0600000,0x00000000f0600000,0x00000000f1680000)
 ParOldGen       total 260608K, used 81853K [0x00000000c0000000, 0x00000000cfe80000, 0x00000000eab00000)
  object space 260608K, 31% used [0x00000000c0000000,0x00000000c4fef7d0,0x00000000cfe80000)
 Metaspace       used 7512K, capacity 7966K, committed 8320K, reserved 1056768K
  class space    used 751K, capacity 785K, committed 896K, reserved 1048576K

Card table byte_map: [0x0000000011f60000,0x0000000012170000] byte_map_base: 0x0000000011960000

Marking Bits: (ParMarkBitMap*) 0x0000000061ba13b0
 Begin Bits: [0x00000000126d0000, 0x00000000136d0000)
 End Bits:   [0x00000000136d0000, 0x00000000146d0000)

Polling page: 0x00000000028b0000

CodeCache: size=245760Kb used=11297Kb max_used=11316Kb free=234462Kb
 bounds [0x0000000002ba0000, 0x00000000036c0000, 0x0000000011ba0000]
 total_blobs=3405 nmethods=3114 adapters=204
 compilation: enabled

Compilation events (10 events):
Event: 3.860 Thread 0x0000000015275800 3115       3       java.util.TimSort::mergeHi (732 bytes)
Event: 3.861 Thread 0x0000000015275800 nmethod 3115 0x00000000036a5b90 code [0x00000000036a5ec0, 0x00000000036a80b8]
Event: 3.864 Thread 0x000000001526f000 nmethod 3110 0x00000000036ab890 code [0x00000000036abaa0, 0x00000000036accc0]
Event: 3.864 Thread 0x000000001526f000 3111       4       java.util.ComparableTimSort::gallopLeft (327 bytes)
Event: 3.876 Thread 0x0000000015272800 nmethod 3109% 0x00000000036b1810 code [0x00000000036b1b20, 0x00000000036b3890]
Event: 3.877 Thread 0x0000000015272800 3112       4       java.util.ComparableTimSort::mergeLo (656 bytes)
Event: 3.893 Thread 0x000000001526f000 nmethod 3111 0x00000000036b6b50 code [0x00000000036b6d80, 0x00000000036b8338]
Event: 3.899 Thread 0x0000000015272800 nmethod 3112 0x00000000036ae2d0 code [0x00000000036ae4c0, 0x00000000036b03f8]
Event: 3.928 Thread 0x000000001526f000 3116       4       java.util.ComparableTimSort::mergeHi (729 bytes)
Event: 3.934 Thread 0x0000000015272800 3117       4       com.android.dx.merge.DexMerger$IdMerger::mergeUnsorted (247 bytes)

GC Heap History (10 events):
Event: 3.639 GC heap before
{Heap before GC invocations=25 (full 0):
 PSYoungGen      total 51712K, used 51711K [0x00000000eab00000, 0x00000000ee600000, 0x0000000100000000)
  eden space 44544K, 100% used [0x00000000eab00000,0x00000000ed680000,0x00000000ed680000)
  from space 7168K, 99% used [0x00000000ede00000,0x00000000ee4ffc08,0x00000000ee500000)
  to   space 7680K, 0% used [0x00000000ed680000,0x00000000ed680000,0x00000000ede00000)
 ParOldGen       total 260608K, used 53174K [0x00000000c0000000, 0x00000000cfe80000, 0x00000000eab00000)
  object space 260608K, 20% used [0x00000000c0000000,0x00000000c33ed890,0x00000000cfe80000)
 Metaspace       used 7510K, capacity 7966K, committed 8320K, reserved 1056768K
  class space    used 751K, capacity 785K, committed 896K, reserved 1048576K
Event: 3.642 GC heap after
Heap after GC invocations=25 (full 0):
 PSYoungGen      total 52224K, used 3914K [0x00000000eab00000, 0x00000000ee600000, 0x0000000100000000)
  eden space 44544K, 0% used [0x00000000eab00000,0x00000000eab00000,0x00000000ed680000)
  from space 7680K, 50% used [0x00000000ed680000,0x00000000eda529c0,0x00000000ede00000)
  to   space 7168K, 0% used [0x00000000ede00000,0x00000000ede00000,0x00000000ee500000)
 ParOldGen       total 260608K, used 63702K [0x00000000c0000000, 0x00000000cfe80000, 0x00000000eab00000)
  object space 260608K, 24% used [0x00000000c0000000,0x00000000c3e35860,0x00000000cfe80000)
 Metaspace       used 7510K, capacity 7966K, committed 8320K, reserved 1056768K
  class space    used 751K, capacity 785K, committed 896K, reserved 1048576K
}
Event: 3.692 GC heap before
{Heap before GC invocations=26 (full 0):
 PSYoungGen      total 52224K, used 48458K [0x00000000eab00000, 0x00000000ee600000, 0x0000000100000000)
  eden space 44544K, 100% used [0x00000000eab00000,0x00000000ed680000,0x00000000ed680000)
  from space 7680K, 50% used [0x00000000ed680000,0x00000000eda529c0,0x00000000ede00000)
  to   space 7168K, 0% used [0x00000000ede00000,0x00000000ede00000,0x00000000ee500000)
 ParOldGen       total 260608K, used 63702K [0x00000000c0000000, 0x00000000cfe80000, 0x00000000eab00000)
  object space 260608K, 24% used [0x00000000c0000000,0x00000000c3e35860,0x00000000cfe80000)
 Metaspace       used 7510K, capacity 7966K, committed 8320K, reserved 1056768K
  class space    used 751K, capacity 785K, committed 896K, reserved 1048576K
Event: 3.695 GC heap after
Heap after GC invocations=26 (full 0):
 PSYoungGen      total 51712K, used 7155K [0x00000000eab00000, 0x00000000ee600000, 0x0000000100000000)
  eden space 44544K, 0% used [0x00000000eab00000,0x00000000eab00000,0x00000000ed680000)
  from space 7168K, 99% used [0x00000000ede00000,0x00000000ee4fcd88,0x00000000ee500000)
  to   space 7680K, 0% used [0x00000000ed680000,0x00000000ed680000,0x00000000ede00000)
 ParOldGen       total 260608K, used 63766K [0x00000000c0000000, 0x00000000cfe80000, 0x00000000eab00000)
  object space 260608K, 24% used [0x00000000c0000000,0x00000000c3e45860,0x00000000cfe80000)
 Metaspace       used 7510K, capacity 7966K, committed 8320K, reserved 1056768K
  class space    used 751K, capacity 785K, committed 896K, reserved 1048576K
}
Event: 3.753 GC heap before
{Heap before GC invocations=27 (full 0):
 PSYoungGen      total 51712K, used 51699K [0x00000000eab00000, 0x00000000ee600000, 0x0000000100000000)
  eden space 44544K, 100% used [0x00000000eab00000,0x00000000ed680000,0x00000000ed680000)
  from space 7168K, 99% used [0x00000000ede00000,0x00000000ee4fcd88,0x00000000ee500000)
  to   space 7680K, 0% used [0x00000000ed680000,0x00000000ed680000,0x00000000ede00000)
 ParOldGen       total 260608K, used 63766K [0x00000000c0000000, 0x00000000cfe80000, 0x00000000eab00000)
  object space 260608K, 24% used [0x00000000c0000000,0x00000000c3e45860,0x00000000cfe80000)
 Metaspace       used 7511K, capacity 7966K, committed 8320K, reserved 1056768K
  class space    used 751K, capacity 785K, committed 896K, reserved 1048576K
Event: 3.757 GC heap after
Heap after GC invocations=27 (full 0):
 PSYoungGen      total 52224K, used 7672K [0x00000000eab00000, 0x00000000f0300000, 0x0000000100000000)
  eden space 44544K, 0% used [0x00000000eab00000,0x00000000eab00000,0x00000000ed680000)
  from space 7680K, 99% used [0x00000000ed680000,0x00000000eddfe248,0x00000000ede00000)
  to   space 15872K, 0% used [0x00000000ef380000,0x00000000ef380000,0x00000000f0300000)
 ParOldGen       total 260608K, used 69819K [0x00000000c0000000, 0x00000000cfe80000, 0x00000000eab00000)
  object space 260608K, 26% used [0x00000000c0000000,0x00000000c442ef80,0x00000000cfe80000)
 Metaspace       used 7511K, capacity 7966K, committed 8320K, reserved 1056768K
  class space    used 751K, capacity 785K, committed 896K, reserved 1048576K
}
Event: 3.811 GC heap before
{Heap before GC invocations=28 (full 0):
 PSYoungGen      total 52224K, used 52216K [0x00000000eab00000, 0x00000000f0300000, 0x0000000100000000)
  eden space 44544K, 100% used [0x00000000eab00000,0x00000000ed680000,0x00000000ed680000)
  from space 7680K, 99% used [0x00000000ed680000,0x00000000eddfe248,0x00000000ede00000)
  to   space 15872K, 0% used [0x00000000ef380000,0x00000000ef380000,0x00000000f0300000)
 ParOldGen       total 260608K, used 69819K [0x00000000c0000000, 0x00000000cfe80000, 0x00000000eab00000)
  object space 260608K, 26% used [0x00000000c0000000,0x00000000c442ef80,0x00000000cfe80000)
 Metaspace       used 7511K, capacity 7966K, committed 8320K, reserved 1056768K
  class space    used 751K, capacity 785K, committed 896K, reserved 1048576K
Event: 3.814 GC heap after
Heap after GC invocations=28 (full 0):
 PSYoungGen      total 73216K, used 4779K [0x00000000eab00000, 0x00000000f0200000, 0x0000000100000000)
  eden space 58368K, 0% used [0x00000000eab00000,0x00000000eab00000,0x00000000ee400000)
  from space 14848K, 32% used [0x00000000ef380000,0x00000000ef82ad20,0x00000000f0200000)
  to   space 15360K, 0% used [0x00000000ee400000,0x00000000ee400000,0x00000000ef300000)
 ParOldGen       total 260608K, used 81845K [0x00000000c0000000, 0x00000000cfe80000, 0x00000000eab00000)
  object space 260608K, 31% used [0x00000000c0000000,0x00000000c4fed7d0,0x00000000cfe80000)
 Metaspace       used 7511K, capacity 7966K, committed 8320K, reserved 1056768K
  class space    used 751K, capacity 785K, committed 896K, reserved 1048576K
}
Event: 3.895 GC heap before
{Heap before GC invocations=29 (full 0):
 PSYoungGen      total 73216K, used 63147K [0x00000000eab00000, 0x00000000f0200000, 0x0000000100000000)
  eden space 58368K, 100% used [0x00000000eab00000,0x00000000ee400000,0x00000000ee400000)
  from space 14848K, 32% used [0x00000000ef380000,0x00000000ef82ad20,0x00000000f0200000)
  to   space 15360K, 0% used [0x00000000ee400000,0x00000000ee400000,0x00000000ef300000)
 ParOldGen       total 260608K, used 81845K [0x00000000c0000000, 0x00000000cfe80000, 0x00000000eab00000)
  object space 260608K, 31% used [0x00000000c0000000,0x00000000c4fed7d0,0x00000000cfe80000)
 Metaspace       used 7512K, capacity 7966K, committed 8320K, reserved 1056768K
  class space    used 751K, capacity 785K, committed 896K, reserved 1048576K
Event: 3.898 GC heap after
Heap after GC invocations=29 (full 0):
 PSYoungGen      total 73728K, used 13343K [0x00000000eab00000, 0x00000000f1680000, 0x0000000100000000)
  eden space 58368K, 0% used [0x00000000eab00000,0x00000000eab00000,0x00000000ee400000)
  from space 15360K, 86% used [0x00000000ee400000,0x00000000ef107fc0,0x00000000ef300000)
  to   space 16896K, 0% used [0x00000000f0600000,0x00000000f0600000,0x00000000f1680000)
 ParOldGen       total 260608K, used 81853K [0x00000000c0000000, 0x00000000cfe80000, 0x00000000eab00000)
  object space 260608K, 31% used [0x00000000c0000000,0x00000000c4fef7d0,0x00000000cfe80000)
 Metaspace       used 7512K, capacity 7966K, committed 8320K, reserved 1056768K
  class space    used 751K, capacity 785K, committed 896K, reserved 1048576K
}

Deoptimization events (10 events):
Event: 3.747 Thread 0x0000000002aa3800 Uncommon trap: reason=class_check action=maybe_recompile pc=0x0000000003692e48 method=com.android.dx.io.instructions.InstructionCodec$32.decode(ILcom/android/dx/io/instructions/CodeInput;)Lcom/android/dx/io/instructions/DecodedInstruction; @ 1
Event: 3.747 Thread 0x0000000002aa3800 Uncommon trap: reason=class_check action=maybe_recompile pc=0x0000000003692e48 method=com.android.dx.io.instructions.InstructionCodec$32.decode(ILcom/android/dx/io/instructions/CodeInput;)Lcom/android/dx/io/instructions/DecodedInstruction; @ 1
Event: 3.747 Thread 0x0000000002aa3800 Uncommon trap: reason=class_check action=maybe_recompile pc=0x0000000003692e48 method=com.android.dx.io.instructions.InstructionCodec$32.decode(ILcom/android/dx/io/instructions/CodeInput;)Lcom/android/dx/io/instructions/DecodedInstruction; @ 1
Event: 3.747 Thread 0x0000000002aa3800 Uncommon trap: reason=class_check action=maybe_recompile pc=0x0000000003692e48 method=com.android.dx.io.instructions.InstructionCodec$32.decode(ILcom/android/dx/io/instructions/CodeInput;)Lcom/android/dx/io/instructions/DecodedInstruction; @ 1
Event: 3.748 Thread 0x0000000002aa3800 Uncommon trap: reason=class_check action=maybe_recompile pc=0x0000000003692b3c method=com.android.dx.io.instructions.InstructionCodec$32.encode(Lcom/android/dx/io/instructions/DecodedInstruction;Lcom/android/dx/io/instructions/CodeOutput;)V @ 12
Event: 3.748 Thread 0x0000000002aa3800 Uncommon trap: reason=class_check action=maybe_recompile pc=0x0000000003692b3c method=com.android.dx.io.instructions.InstructionCodec$32.encode(Lcom/android/dx/io/instructions/DecodedInstruction;Lcom/android/dx/io/instructions/CodeOutput;)V @ 12
Event: 3.748 Thread 0x0000000002aa3800 Uncommon trap: reason=class_check action=maybe_recompile pc=0x0000000003692b3c method=com.android.dx.io.instructions.InstructionCodec$32.encode(Lcom/android/dx/io/instructions/DecodedInstruction;Lcom/android/dx/io/instructions/CodeOutput;)V @ 12
Event: 3.748 Thread 0x0000000002aa3800 Uncommon trap: reason=class_check action=maybe_recompile pc=0x0000000003692b3c method=com.android.dx.io.instructions.InstructionCodec$32.encode(Lcom/android/dx/io/instructions/DecodedInstruction;Lcom/android/dx/io/instructions/CodeOutput;)V @ 12
Event: 3.791 Thread 0x0000000002aa3800 Uncommon trap: reason=unreached action=reinterpret pc=0x000000000363f51c method=java.util.HashMap$TreeNode.balanceInsertion(Ljava/util/HashMap$TreeNode;Ljava/util/HashMap$TreeNode;)Ljava/util/HashMap$TreeNode; @ 189
Event: 3.791 Thread 0x0000000002aa3800 Uncommon trap: reason=unreached action=reinterpret pc=0x000000000361219c method=java.util.HashMap$TreeNode.balanceInsertion(Ljava/util/HashMap$TreeNode;Ljava/util/HashMap$TreeNode;)Ljava/util/HashMap$TreeNode; @ 189

Internal exceptions (10 events):
Event: 2.628 Thread 0x0000000002aa3800 Exception <a 'java/security/PrivilegedActionException'> (0x00000000ead8f400) thrown at [D:\re\workspace\8-2-build-windows-amd64-cygwin\jdk8u5\2488\hotspot\src\share\vm\prims\jvm.cpp, line 1248]
Event: 2.628 Thread 0x0000000002aa3800 Exception <a 'java/security/PrivilegedActionException'> (0x00000000ead925c8) thrown at [D:\re\workspace\8-2-build-windows-amd64-cygwin\jdk8u5\2488\hotspot\src\share\vm\prims\jvm.cpp, line 1248]
Event: 2.628 Thread 0x0000000002aa3800 Exception <a 'java/security/PrivilegedActionException'> (0x00000000ead95870) thrown at [D:\re\workspace\8-2-build-windows-amd64-cygwin\jdk8u5\2488\hotspot\src\share\vm\prims\jvm.cpp, line 1248]
Event: 2.629 Thread 0x0000000002aa3800 Exception <a 'java/security/PrivilegedActionException'> (0x00000000ead99810) thrown at [D:\re\workspace\8-2-build-windows-amd64-cygwin\jdk8u5\2488\hotspot\src\share\vm\prims\jvm.cpp, line 1248]
Event: 2.629 Thread 0x0000000002aa3800 Exception <a 'java/security/PrivilegedActionException'> (0x00000000ead9c7d8) thrown at [D:\re\workspace\8-2-build-windows-amd64-cygwin\jdk8u5\2488\hotspot\src\share\vm\prims\jvm.cpp, line 1248]
Event: 2.630 Thread 0x0000000002aa3800 Exception <a 'java/security/PrivilegedActionException'> (0x00000000ead9f960) thrown at [D:\re\workspace\8-2-build-windows-amd64-cygwin\jdk8u5\2488\hotspot\src\share\vm\prims\jvm.cpp, line 1248]
Event: 2.630 Thread 0x0000000002aa3800 Exception <a 'java/security/PrivilegedActionException'> (0x00000000eada2f20) thrown at [D:\re\workspace\8-2-build-windows-amd64-cygwin\jdk8u5\2488\hotspot\src\share\vm\prims\jvm.cpp, line 1248]
Event: 2.631 Thread 0x0000000002aa3800 Exception <a 'java/security/PrivilegedActionException'> (0x00000000eadaa210) thrown at [D:\re\workspace\8-2-build-windows-amd64-cygwin\jdk8u5\2488\hotspot\src\share\vm\prims\jvm.cpp, line 1248]
Event: 2.631 Thread 0x0000000002aa3800 Exception <a 'java/security/PrivilegedActionException'> (0x00000000eadac520) thrown at [D:\re\workspace\8-2-build-windows-amd64-cygwin\jdk8u5\2488\hotspot\src\share\vm\prims\jvm.cpp, line 1248]
Event: 2.745 Thread 0x0000000002aa3800 Exception <a 'java/security/PrivilegedActionException'> (0x00000000ec0b68b0) thrown at [D:\re\workspace\8-2-build-windows-amd64-cygwin\jdk8u5\2488\hotspot\src\share\vm\prims\jvm.cpp, line 1248]

Events (10 events):
Event: 3.848 Thread 0x0000000002aa3800 DEOPT PACKING pc=0x0000000003673d17 sp=0x00000000029fedc0
Event: 3.848 Thread 0x0000000002aa3800 DEOPT UNPACKING pc=0x0000000002be7604 sp=0x00000000029feb78 mode 0
Event: 3.895 Executing VM operation: ParallelGCFailedAllocation
Event: 3.898 Executing VM operation: ParallelGCFailedAllocation done
Event: 3.928 Thread 0x0000000002aa3800 DEOPT PACKING pc=0x00000000035ca377 sp=0x00000000029fec10
Event: 3.928 Thread 0x0000000002aa3800 DEOPT UNPACKING pc=0x0000000002be7604 sp=0x00000000029fe990 mode 0
Event: 3.934 Thread 0x0000000002aa3800 DEOPT PACKING pc=0x00000000035ca377 sp=0x00000000029fec10
Event: 3.934 Thread 0x0000000002aa3800 DEOPT UNPACKING pc=0x0000000002be7604 sp=0x00000000029fe990 mode 0
Event: 3.934 Thread 0x0000000002aa3800 DEOPT PACKING pc=0x000000000367a605 sp=0x00000000029feed0
Event: 3.934 Thread 0x0000000002aa3800 DEOPT UNPACKING pc=0x0000000002be7604 sp=0x00000000029fec88 mode 0


Dynamic libraries:
0x00007ff7a9230000 - 0x00007ff7a9264000 	C:\Program Files\Java\jdk1.8.0_05\bin\java.exe
0x00007ffc42140000 - 0x00007ffc42301000 	C:\Windows\SYSTEM32\ntdll.dll
0x00007ffc42090000 - 0x00007ffc4213d000 	C:\Windows\system32\KERNEL32.DLL
0x00007ffc3f630000 - 0x00007ffc3f80d000 	C:\Windows\system32\KERNELBASE.dll
0x0000000064860000 - 0x00000000648ff000 	A:\Program Files\Bitdefender\Antivirus Free Edition\avc3\avc3_sig_318\avcuf64.dll
0x00007ffc41980000 - 0x00007ffc41a26000 	C:\Windows\system32\ADVAPI32.dll
0x00007ffc3f970000 - 0x00007ffc3fa0d000 	C:\Windows\system32\msvcrt.dll
0x00007ffc3fa10000 - 0x00007ffc3fa6b000 	C:\Windows\system32\sechost.dll
0x00007ffc41850000 - 0x00007ffc41976000 	C:\Windows\system32\RPCRT4.dll
0x00007ffc41270000 - 0x00007ffc413be000 	C:\Windows\system32\USER32.dll
0x00007ffc41f00000 - 0x00007ffc42086000 	C:\Windows\system32\GDI32.dll
0x00007ffc34320000 - 0x00007ffc34594000 	C:\Windows\WinSxS\amd64_microsoft.windows.common-controls_6595b64144ccf1df_6.0.10240.16384_none_f41f7b285750ef43\COMCTL32.dll
0x00007ffc41020000 - 0x00007ffc41056000 	C:\Windows\system32\IMM32.DLL
0x00007ffc41590000 - 0x00007ffc416ec000 	C:\Windows\system32\MSCTF.dll
0x0000000060fc0000 - 0x0000000061092000 	C:\Program Files\Java\jdk1.8.0_05\jre\bin\msvcr100.dll
0x00000000613f0000 - 0x0000000061c1a000 	C:\Program Files\Java\jdk1.8.0_05\jre\bin\server\jvm.dll
0x00007ffc3f810000 - 0x00007ffc3f818000 	C:\Windows\system32\PSAPI.DLL
0x00007ffc345c0000 - 0x00007ffc345c9000 	C:\Windows\SYSTEM32\WSOCK32.dll
0x00007ffc417d0000 - 0x00007ffc41839000 	C:\Windows\system32\WS2_32.dll
0x00007ffc41840000 - 0x00007ffc41848000 	C:\Windows\system32\NSI.dll
0x00007ffc3c720000 - 0x00007ffc3c743000 	C:\Windows\SYSTEM32\WINMM.dll
0x00007ffc3c6f0000 - 0x00007ffc3c71c000 	C:\Windows\SYSTEM32\WINMMBASE.dll
0x00007ffc3ecd0000 - 0x00007ffc3ed14000 	C:\Windows\system32\cfgmgr32.dll
0x00007ffc3d440000 - 0x00007ffc3d467000 	C:\Windows\SYSTEM32\DEVOBJ.dll
0x00000000645a0000 - 0x00000000645af000 	C:\Program Files\Java\jdk1.8.0_05\jre\bin\verify.dll
0x0000000063ca0000 - 0x0000000063cc8000 	C:\Program Files\Java\jdk1.8.0_05\jre\bin\java.dll
0x0000000063c80000 - 0x0000000063c96000 	C:\Program Files\Java\jdk1.8.0_05\jre\bin\zip.dll
0x00007ffc3fa80000 - 0x00007ffc40fa2000 	C:\Windows\system32\SHELL32.dll
0x00007ffc3f000000 - 0x00007ffc3f628000 	C:\Windows\system32\windows.storage.dll
0x00007ffc41a90000 - 0x00007ffc41d0c000 	C:\Windows\system32\combase.dll
0x00007ffc41060000 - 0x00007ffc410b1000 	C:\Windows\system32\shlwapi.dll
0x00007ffc3ec00000 - 0x00007ffc3ec0f000 	C:\Windows\system32\kernel.appcore.dll
0x00007ffc3ec10000 - 0x00007ffc3ecc3000 	C:\Windows\system32\shcore.dll
0x00007ffc3ebb0000 - 0x00007ffc3ebfa000 	C:\Windows\system32\powrprof.dll
0x00007ffc3eb90000 - 0x00007ffc3eba3000 	C:\Windows\system32\profapi.dll
0x00007ffc3a240000 - 0x00007ffc3a3ca000 	C:\Windows\SYSTEM32\dbghelp.dll

VM Arguments:
jvm_args: -Xmx1024M -Dfile.encoding=windows-1252 -Duser.country=US -Duser.language=en -Duser.variant 
java_command: com.android.dx.command.Main --dex --num-threads=4 --output A:\Google Drive\UCSC\CMPS115\CarpoolTunnel\Apps\Android\Slugging\app\build\intermediates\dex\debug A:\Google Drive\UCSC\CMPS115\CarpoolTunnel\Apps\Android\Slugging\app\build\intermediates\classes\debug A:\Google Drive\UCSC\CMPS115\CarpoolTunnel\Apps\Android\Slugging\app\build\intermediates\pre-dexed\debug\support-annotations-23.0.1-4b8f38890ce6c4a4d4eb4ebeb5a05bbf636a5889.jar A:\Google Drive\UCSC\CMPS115\CarpoolTunnel\Apps\Android\Slugging\app\build\intermediates\pre-dexed\debug\classes-f996d1be787d9e9b7fb7cab84f0b159e2eabb4ef.jar A:\Google Drive\UCSC\CMPS115\CarpoolTunnel\Apps\Android\Slugging\app\build\intermediates\pre-dexed\debug\ParseFacebookUtilsV4-1.10.2-690ed9e59116d07d5103acef9daa322b69c385cc.jar A:\Google Drive\UCSC\CMPS115\CarpoolTunnel\Apps\Android\Slugging\app\build\intermediates\pre-dexed\debug\internal_impl-22.2.0-eccad89f0c621e126e6c1f96b3d1f52cfbbcfc17.jar A:\Google Drive\UCSC\CMPS115\CarpoolTunnel\Apps\Android\Slugging\app\build\intermediates\pre-dexed\debug\classes-f9e9bd7c30db892231d1030835e02fa2d7b14268.jar A:\Google Drive\UCSC\CMPS115\CarpoolTunnel\Apps\Android\Slugging\app\build\intermediates\pre-dexed\debug\classes-b59046557b1d3b8f1dd2e2a58392d2ef2372c60c.jar A:\Google Drive\UCSC\CMPS115\CarpoolTunnel\Apps\Android\Slugging\app\build\intermediates\pre-dexed\debug\classes-2a662f188609cdde4d079df96f30b11505dbf60f.jar A:\Google Drive\UCSC\CMPS115\CarpoolTunnel\Apps\Android\Slugging\app\build\intermediates\pre-dexed\debug\bolts-android-1.2.1-1e817eaed23d4026b775c41a65ea0f2a8e1aa629.jar A:\Google Drive\UCSC\CMPS115\CarpoolTunnel\Apps\Android\Slugging\app\build\intermediates\pre-dexed\debug\classes-a394148d17367acbd9a98bac6fb336be876f3521.jar A:\Google Drive\UCSC\CMPS115\CarpoolTunnel\Apps\Android\Slugging\app\build\intermediates\pre-dexed\debug\classes-8e70785d9739167eba46876f3649ea7e70e35a15.jar A:\Google Drive\UCSC\CMPS115\CarpoolTunnel\Apps\Android\Slugging\app\build\inte
java_class_path (initial): A:\Program Files\Android\sdk\build-tools\23.0.1\lib\dx.jar
Launcher Type: SUN_STANDARD

Environment Variables:
PATH=C:\ProgramData\Oracle\Java\javapath;C:\Windows\system32;C:\Windows;C:\Windows\System32\Wbem;C:\Windows\System32\WindowsPowerShell\v1.0\;C:\Program Files (x86)\ATI Technologies\ATI.ACE\Core-Static;C:\Program Files (x86)\Common Files\Adobe\AGL;C:\Program Files (x86)\Git\cmd;A:\Python\;C:\Program Files (x86)\AMD\ATI.ACE\Core-Static;C:\Program Files (x86)\Livestreamer;C:\Program Files\Microsoft SQL Server\120\Tools\Binn\;A:\Program Files (x86)\ASUS Bluetooth\;A:\Program Files (x86)\ASUS Bluetooth\syswow64;A:\Program Files (x86)\ASUS Bluetooth\Bluetooth Software\;A:\Program Files (x86)\ASUS Bluetooth\Bluetooth Software\syswow64;C:\Program Files (x86)\Skype\Phone\;C:\Program Files (x86)\QuickTime\QTSystem\;C:\ProgramData\Oracle\Java\javapath;C:\Windows\system32;C:\Windows;C:\Windows\System32\Wbem;C:\Windows\System32\WindowsPowerShell\v1.0\;C:\Program Files (x86)\ATI Technologies\ATI.ACE\Core-Static;C:\Program Files (x86)\Common Files\Adobe\AGL;C:\Program Files (x86)\Git\cmd;A:\Python\;C:\Program Files (x86)\AMD\ATI.ACE\Core-Static;C:\Program Files (x86)\Livestreamer;C:\Program Files\Microsoft SQL Server\120\Tools\Binn\;A:\Program Files (x86)\ASUS Bluetooth\;A:\Program Files (x86)\ASUS Bluetooth\syswow64;A:\Program Files (x86)\ASUS Bluetooth\Bluetooth Software\;A:\Program Files (x86)\ASUS Bluetooth\Bluetooth Software\syswow64;C:\Program Files (x86)\Skype\Phone\;C:\Program Files (x86)\QuickTime\QTSystem\;A:\adt-bundle-windows-x86_64\sdk\platform-tools;A:\adt-bundle-windows-x86_64\sdk\tools
USERNAME=Loren
OS=Windows_NT
PROCESSOR_IDENTIFIER=Intel64 Family 6 Model 58 Stepping 9, GenuineIntel



---------------  S Y S T E M  ---------------

OS: Windows 8.1 , 64 bit Build 9600 

CPU:total 4 (4 cores per cpu, 1 threads per core) family 6 model 58 stepping 9, cmov, cx8, fxsr, mmx, sse, sse2, sse3, ssse3, sse4.1, sse4.2, popcnt, avx, aes, clmul, erms, tsc, tscinvbit

Memory: 4k page, physical 16660848k(6546728k free), swap 17709424k(4560k free)

vm_info: Java HotSpot(TM) 64-Bit Server VM (25.5-b02) for windows-amd64 JRE (1.8.0_05-b13), built on Mar 18 2014 01:08:39 by "java_re" with MS VC++ 10.0 (VS2010)

time: Wed Oct 14 23:22:26 2015
elapsed time: 3 seconds

